<?xml version="1.0" encoding="UTF-8"?>
<testsuite name="LecturerTest" tests="1" skipped="0" failures="0" errors="0" timestamp="2022-10-23T21:22:11" hostname="Yousafs-MacBook-Pro.local" time="0.021">
  <properties/>
  <testcase name="Test getUsername for Lecturer" classname="LecturerTest" time="0.021"/>
  <system-out><![CDATA[]]></system-out>
  <system-err><![CDATA[]]></system-err>
</testsuite>
